[2026-01-28 10:27:03 -0300] [6697] [INFO] Starting gunicorn 23.0.0
[2026-01-28 10:27:03 -0300] [6697] [INFO] Listening at: unix:igreja_system.sock (6697)
[2026-01-28 10:27:03 -0300] [6697] [INFO] Using worker: sync
[2026-01-28 10:27:03 -0300] [6698] [INFO] Booting worker with pid: 6698
[2026-01-28 10:27:03 -0300] [6699] [INFO] Booting worker with pid: 6699
[2026-01-28 10:27:03 -0300] [6703] [INFO] Booting worker with pid: 6703
[2026-01-28 10:27:03 -0300] [6703] [ERROR] Exception in worker process
Traceback (most recent call last):
  File "/var/www/igreja_system/venv/lib/python3.12/site-packages/gunicorn/arbiter.py", line 608, in spawn_worker
    worker.init_process()
  File "/var/www/igreja_system/venv/lib/python3.12/site-packages/gunicorn/workers/base.py", line 135, in init_process
    self.load_wsgi()
  File "/var/www/igreja_system/venv/lib/python3.12/site-packages/gunicorn/workers/base.py", line 147, in load_wsgi
    self.wsgi = self.app.wsgi()
                ^^^^^^^^^^^^^^^
  File "/var/www/igreja_system/venv/lib/python3.12/site-packages/gunicorn/app/base.py", line 66, in wsgi
    self.callable = self.load()
                    ^^^^^^^^^^^
  File "/var/www/igreja_system/venv/lib/python3.12/site-packages/gunicorn/app/wsgiapp.py", line 57, in load
    return self.load_wsgiapp()
           ^^^^^^^^^^^^^^^^^^^
  File "/var/www/igreja_system/venv/lib/python3.12/site-packages/gunicorn/app/wsgiapp.py", line 47, in load_wsgiapp
    return util.import_app(self.app_uri)
           ^^^^^^^^^^^^^^^^^^^^^^^^^^^^^
  File "/var/www/igreja_system/venv/lib/python3.12/site-packages/gunicorn/util.py", line 370, in import_app
    mod = importlib.import_module(module)
          ^^^^^^^^^^^^^^^^^^^^^^^^^^^^^^^
  File "/usr/lib/python3.12/importlib/__init__.py", line 90, in import_module
    return _bootstrap._gcd_import(name[level:], package, level)
           ^^^^^^^^^^^^^^^^^^^^^^^^^^^^^^^^^^^^^^^^^^^^^^^^^^^^
  File "<frozen importlib._bootstrap>", line 1387, in _gcd_import
  File "<frozen importlib._bootstrap>", line 1360, in _find_and_load
  File "<frozen importlib._bootstrap>", line 1331, in _find_and_load_unlocked
  File "<frozen importlib._bootstrap>", line 935, in _load_unlocked
  File "<frozen importlib._bootstrap_external>", line 995, in exec_module
  File "<frozen importlib._bootstrap>", line 488, in _call_with_frames_removed
  File "/var/www/igreja_system/wsgi.py", line 1, in <module>
    from app import create_app
  File "/var/www/igreja_system/app/__init__.py", line 5, in <module>
    from app.models import db
  File "/var/www/igreja_system/app/models/__init__.py", line 1, in <module>
    from app.models.igreja import db, Membro, Congregacao, Ministerio, Funcao, MembroMinisterio
  File "/var/www/igreja_system/app/models/igreja.py", line 1, in <module>
    from app.models import db
ImportError: cannot import name 'db' from partially initialized module 'app.models' (most likely due to a circular import) (/var/www/igreja_system/app/models/__init__.py)
[2026-01-28 10:27:03 -0300] [6703] [INFO] Worker exiting (pid: 6703)
[2026-01-28 10:27:03 -0300] [6699] [ERROR] Exception in worker process
Traceback (most recent call last):
  File "/var/www/igreja_system/venv/lib/python3.12/site-packages/gunicorn/arbiter.py", line 608, in spawn_worker
    worker.init_process()
  File "/var/www/igreja_system/venv/lib/python3.12/site-packages/gunicorn/workers/base.py", line 135, in init_process
    self.load_wsgi()
  File "/var/www/igreja_system/venv/lib/python3.12/site-packages/gunicorn/workers/base.py", line 147, in load_wsgi
    self.wsgi = self.app.wsgi()
                ^^^^^^^^^^^^^^^
  File "/var/www/igreja_system/venv/lib/python3.12/site-packages/gunicorn/app/base.py", line 66, in wsgi
    self.callable = self.load()
                    ^^^^^^^^^^^
  File "/var/www/igreja_system/venv/lib/python3.12/site-packages/gunicorn/app/wsgiapp.py", line 57, in load
    return self.load_wsgiapp()
           ^^^^^^^^^^^^^^^^^^^
  File "/var/www/igreja_system/venv/lib/python3.12/site-packages/gunicorn/app/wsgiapp.py", line 47, in load_wsgiapp
    return util.import_app(self.app_uri)
           ^^^^^^^^^^^^^^^^^^^^^^^^^^^^^
  File "/var/www/igreja_system/venv/lib/python3.12/site-packages/gunicorn/util.py", line 370, in import_app
    mod = importlib.import_module(module)
          ^^^^^^^^^^^^^^^^^^^^^^^^^^^^^^^
  File "/usr/lib/python3.12/importlib/__init__.py", line 90, in import_module
    return _bootstrap._gcd_import(name[level:], package, level)
           ^^^^^^^^^^^^^^^^^^^^^^^^^^^^^^^^^^^^^^^^^^^^^^^^^^^^
  File "<frozen importlib._bootstrap>", line 1387, in _gcd_import
  File "<frozen importlib._bootstrap>", line 1360, in _find_and_load
  File "<frozen importlib._bootstrap>", line 1331, in _find_and_load_unlocked
  File "<frozen importlib._bootstrap>", line 935, in _load_unlocked
  File "<frozen importlib._bootstrap_external>", line 995, in exec_module
  File "<frozen importlib._bootstrap>", line 488, in _call_with_frames_removed
  File "/var/www/igreja_system/wsgi.py", line 1, in <module>
    from app import create_app
  File "/var/www/igreja_system/app/__init__.py", line 5, in <module>
    from app.models import db
  File "/var/www/igreja_system/app/models/__init__.py", line 1, in <module>
    from app.models.igreja import db, Membro, Congregacao, Ministerio, Funcao, MembroMinisterio
  File "/var/www/igreja_system/app/models/igreja.py", line 1, in <module>
    from app.models import db
ImportError: cannot import name 'db' from partially initialized module 'app.models' (most likely due to a circular import) (/var/www/igreja_system/app/models/__init__.py)
[2026-01-28 10:27:03 -0300] [6699] [INFO] Worker exiting (pid: 6699)
[2026-01-28 10:27:03 -0300] [6698] [ERROR] Exception in worker process
Traceback (most recent call last):
  File "/var/www/igreja_system/venv/lib/python3.12/site-packages/gunicorn/arbiter.py", line 608, in spawn_worker
    worker.init_process()
  File "/var/www/igreja_system/venv/lib/python3.12/site-packages/gunicorn/workers/base.py", line 135, in init_process
    self.load_wsgi()
  File "/var/www/igreja_system/venv/lib/python3.12/site-packages/gunicorn/workers/base.py", line 147, in load_wsgi
    self.wsgi = self.app.wsgi()
                ^^^^^^^^^^^^^^^
  File "/var/www/igreja_system/venv/lib/python3.12/site-packages/gunicorn/app/base.py", line 66, in wsgi
    self.callable = self.load()
                    ^^^^^^^^^^^
  File "/var/www/igreja_system/venv/lib/python3.12/site-packages/gunicorn/app/wsgiapp.py", line 57, in load
    return self.load_wsgiapp()
           ^^^^^^^^^^^^^^^^^^^
  File "/var/www/igreja_system/venv/lib/python3.12/site-packages/gunicorn/app/wsgiapp.py", line 47, in load_wsgiapp
    return util.import_app(self.app_uri)
           ^^^^^^^^^^^^^^^^^^^^^^^^^^^^^
  File "/var/www/igreja_system/venv/lib/python3.12/site-packages/gunicorn/util.py", line 370, in import_app
    mod = importlib.import_module(module)
          ^^^^^^^^^^^^^^^^^^^^^^^^^^^^^^^
  File "/usr/lib/python3.12/importlib/__init__.py", line 90, in import_module
    return _bootstrap._gcd_import(name[level:], package, level)
           ^^^^^^^^^^^^^^^^^^^^^^^^^^^^^^^^^^^^^^^^^^^^^^^^^^^^
  File "<frozen importlib._bootstrap>", line 1387, in _gcd_import
  File "<frozen importlib._bootstrap>", line 1360, in _find_and_load
  File "<frozen importlib._bootstrap>", line 1331, in _find_and_load_unlocked
  File "<frozen importlib._bootstrap>", line 935, in _load_unlocked
  File "<frozen importlib._bootstrap_external>", line 995, in exec_module
  File "<frozen importlib._bootstrap>", line 488, in _call_with_frames_removed
  File "/var/www/igreja_system/wsgi.py", line 1, in <module>
    from app import create_app
  File "/var/www/igreja_system/app/__init__.py", line 5, in <module>
    from app.models import db
  File "/var/www/igreja_system/app/models/__init__.py", line 1, in <module>
    from app.models.igreja import db, Membro, Congregacao, Ministerio, Funcao, MembroMinisterio
  File "/var/www/igreja_system/app/models/igreja.py", line 1, in <module>
    from app.models import db
ImportError: cannot import name 'db' from partially initialized module 'app.models' (most likely due to a circular import) (/var/www/igreja_system/app/models/__init__.py)
[2026-01-28 10:27:03 -0300] [6698] [INFO] Worker exiting (pid: 6698)
[2026-01-28 10:27:03 -0300] [6697] [ERROR] Worker (pid:6703) exited with code 3
[2026-01-28 10:27:03 -0300] [6697] [ERROR] Worker (pid:6699) was sent SIGTERM!
[2026-01-28 10:27:03 -0300] [6697] [ERROR] Worker (pid:6698) was sent SIGTERM!
[2026-01-28 10:27:03 -0300] [6697] [ERROR] Shutting down: Master
[2026-01-28 10:27:03 -0300] [6697] [ERROR] Reason: Worker failed to boot.
